<?xml version="1.0" encoding="UTF-8"?>
<!-- Generated by org.testng.reporters.JUnitReportReporter -->
<testsuite skipped="1" hostname="LAPTOP-103K5F0S" name="Scripts.Loginmodule" tests="4" failures="0" timestamp="21 Jun 2022 06:39:10 GMT" time="10.592" errors="0">
  <testcase name="TC1login" time="2.916" classname="Scripts.Loginmodule"/>
  <testcase name="TC3invalid" time="5.290" classname="Scripts.Loginmodule"/>
  <testcase name="TC4Reset" time="2.386" classname="Scripts.Loginmodule"/>
  <testcase name="TC2logout" classname="Scripts.Loginmodule">
    <skipped/>
  </testcase> <!-- TC2logout -->
</testsuite> <!-- Scripts.Loginmodule -->
