<?xml version="1.0" encoding="UTF-8"?>
<!-- Generated by org.testng.reporters.JUnitReportReporter -->
<testsuite skipped="0" hostname="LAPTOP-103K5F0S" name="Methods.ERPMtds" tests="1" failures="0" timestamp="13 Jun 2022 12:00:54 GMT" time="4.696" errors="0">
  <testcase name="launchapp" time="4.696" classname="Methods.ERPMtds"/>
</testsuite> <!-- Methods.ERPMtds -->
