<?xml version="1.0" encoding="UTF-8"?>
<!-- Generated by org.testng.reporters.JUnitReportReporter -->
<testsuite skipped="6" hostname="LAPTOP-103K5F0S" name="Scripts.Homepage" tests="7" failures="0" timestamp="21 Jun 2022 06:39:10 GMT" time="8.942" errors="0">
  <testcase name="TC14updatestock" time="8.942" classname="Scripts.Homepage"/>
  <testcase name="TC6AccessCustomerspage" classname="Scripts.Homepage">
    <skipped/>
  </testcase> <!-- TC6AccessCustomerspage -->
  <testcase name="TC13advancestocksearch" classname="Scripts.Homepage">
    <skipped/>
  </testcase> <!-- TC13advancestocksearch -->
  <testcase name="TC5Accessstockitem" classname="Scripts.Homepage">
    <skipped/>
  </testcase> <!-- TC5Accessstockitem -->
  <testcase name="TC9Creatingstockitem" classname="Scripts.Homepage">
    <skipped/>
  </testcase> <!-- TC9Creatingstockitem -->
  <testcase name="TC12searchstockitem" classname="Scripts.Homepage">
    <skipped/>
  </testcase> <!-- TC12searchstockitem -->
  <testcase name="TC10creatingstockcategory" classname="Scripts.Homepage">
    <skipped/>
  </testcase> <!-- TC10creatingstockcategory -->
</testsuite> <!-- Scripts.Homepage -->
