<?xml version="1.0" encoding="UTF-8"?>
<!-- Generated by org.testng.reporters.JUnitReportReporter -->
<testsuite skipped="0" hostname="LAPTOP-103K5F0S" name="Methods.NewTest" tests="1" failures="0" timestamp="14 Jun 2022 07:17:59 GMT" time="0.003" errors="0">
  <testcase name="test" time="0.003" classname="Methods.NewTest"/>
</testsuite> <!-- Methods.NewTest -->
